gyp info it worked if it ends with ok
gyp info using node-gyp@8.4.1
gyp info using node@16.14.2 | linux | x64
gyp info find Python using Python version 3.8.10 found at "/usr/bin/python3"
gyp info spawn /usr/bin/python3
gyp info spawn args [
gyp info spawn args   '/usr/local/lib/node_modules/npm/node_modules/node-gyp/gyp/gyp_main.py',
gyp info spawn args   'binding.gyp',
gyp info spawn args   '-f',
gyp info spawn args   'make',
gyp info spawn args   '-I',
gyp info spawn args   '/home/inlab/ipfs-video-streaming/node_modules/ursa-optional/build/config.gypi',
gyp info spawn args   '-I',
gyp info spawn args   '/usr/local/lib/node_modules/npm/node_modules/node-gyp/addon.gypi',
gyp info spawn args   '-I',
gyp info spawn args   '/home/inlab/.cache/node-gyp/16.14.2/include/node/common.gypi',
gyp info spawn args   '-Dlibrary=shared_library',
gyp info spawn args   '-Dvisibility=default',
gyp info spawn args   '-Dnode_root_dir=/home/inlab/.cache/node-gyp/16.14.2',
gyp info spawn args   '-Dnode_gyp_dir=/usr/local/lib/node_modules/npm/node_modules/node-gyp',
gyp info spawn args   '-Dnode_lib_file=/home/inlab/.cache/node-gyp/16.14.2/<(target_arch)/node.lib',
gyp info spawn args   '-Dmodule_root_dir=/home/inlab/ipfs-video-streaming/node_modules/ursa-optional',
gyp info spawn args   '-Dnode_engine=v8',
gyp info spawn args   '--depth=.',
gyp info spawn args   '--no-parallel',
gyp info spawn args   '--generator-output',
gyp info spawn args   'build',
gyp info spawn args   '-Goutput_dir=.'
gyp info spawn args ]
gyp info spawn make
gyp info spawn args [ 'BUILDTYPE=Release', '-C', 'build' ]
In file included from ../src/ursaNative.h:9,
                 from ../src/ursaNative.cc:3:
/home/inlab/.cache/node-gyp/16.14.2/include/node/node.h:842:43: warning: cast between incompatible function types from ‘void (*)(v8::Local<v8::Object>)’ to ‘node::addon_register_func’ {aka ‘void (*)(v8::Local<v8::Object>, v8::Local<v8::Value>, void*)’} [-Wcast-function-type]
  842 |       (node::addon_register_func) (regfunc),                          \
      |                                           ^
/home/inlab/.cache/node-gyp/16.14.2/include/node/node.h:876:3: note: in expansion of macro ‘NODE_MODULE_X’
  876 |   NODE_MODULE_X(modname, regfunc, NULL, 0)  // NOLINT (readability/null_usage)
      |   ^~~~~~~~~~~~~
../src/ursaNative.cc:389:1: note: in expansion of macro ‘NODE_MODULE’
  389 | NODE_MODULE(ursaNative, init)
      | ^~~~~~~~~~~
../src/ursaNative.cc: In function ‘char* copyBufferToUtf8String(v8::Local<v8::String>)’:
../src/ursaNative.cc:543:32: error: no matching function for call to ‘v8::String::Utf8Length()’
  543 |   int length = str->Utf8Length();
      |                                ^
In file included from /home/inlab/.cache/node-gyp/16.14.2/include/node/node.h:63,
                 from ../src/ursaNative.h:9,
                 from ../src/ursaNative.cc:3:
/home/inlab/.cache/node-gyp/16.14.2/include/node/v8.h:3217:7: note: candidate: ‘int v8::String::Utf8Length(v8::Isolate*) const’
 3217 |   int Utf8Length(Isolate* isolate) const;
      |       ^~~~~~~~~~
/home/inlab/.cache/node-gyp/16.14.2/include/node/v8.h:3217:7: note:   candidate expects 1 argument, 0 provided
../src/ursaNative.cc:553:18: error: cannot convert ‘char*’ to ‘v8::Isolate*’
  553 |   str->WriteUtf8(result, length + 1);
      |                  ^~~~~~
      |                  |
      |                  char*
In file included from /home/inlab/.cache/node-gyp/16.14.2/include/node/node.h:63,
                 from ../src/ursaNative.h:9,
                 from ../src/ursaNative.cc:3:
/home/inlab/.cache/node-gyp/16.14.2/include/node/v8.h:3277:26: note:   initializing argument 1 of ‘int v8::String::WriteUtf8(v8::Isolate*, char*, int, int*, int) const’
 3277 |   int WriteUtf8(Isolate* isolate, char* buffer, int length = -1,
      |                 ~~~~~~~~~^~~~~~~
../src/ursaNative.cc: In static member function ‘static void RsaWrap::InitClass(v8::Local<v8::Object>)’:
../src/ursaNative.cc:690:68: error: no matching function for call to ‘v8::FunctionTemplate::GetFunction()’
  690 |   target->Set(NanNew("RsaWrap").ToLocalChecked(), tpl->GetFunction());
      |                                                                    ^
In file included from /home/inlab/.cache/node-gyp/16.14.2/include/node/node.h:63,
                 from ../src/ursaNative.h:9,
                 from ../src/ursaNative.cc:3:
/home/inlab/.cache/node-gyp/16.14.2/include/node/v8.h:6802:46: note: candidate: ‘v8::MaybeLocal<v8::Function> v8::FunctionTemplate::GetFunction(v8::Local<v8::Context>)’
 6802 |   V8_WARN_UNUSED_RESULT MaybeLocal<Function> GetFunction(
      |                                              ^~~~~~~~~~~
/home/inlab/.cache/node-gyp/16.14.2/include/node/v8.h:6802:46: note:   candidate expects 1 argument, 0 provided
../src/ursaNative.cc:691:38: error: no matching function for call to ‘v8::FunctionTemplate::GetFunction()’
  691 |   constructor.Reset(tpl->GetFunction());
      |                                      ^
In file included from /home/inlab/.cache/node-gyp/16.14.2/include/node/node.h:63,
                 from ../src/ursaNative.h:9,
                 from ../src/ursaNative.cc:3:
/home/inlab/.cache/node-gyp/16.14.2/include/node/v8.h:6802:46: note: candidate: ‘v8::MaybeLocal<v8::Function> v8::FunctionTemplate::GetFunction(v8::Local<v8::Context>)’
 6802 |   V8_WARN_UNUSED_RESULT MaybeLocal<Function> GetFunction(
      |                                              ^~~~~~~~~~~
/home/inlab/.cache/node-gyp/16.14.2/include/node/v8.h:6802:46: note:   candidate expects 1 argument, 0 provided
../src/ursaNative.cc:693:104: error: no matching function for call to ‘v8::FunctionTemplate::GetFunction()’
  693 |   target->Set(NanNew("textToNid").ToLocalChecked(), Nan::New<FunctionTemplate>(TextToNid)->GetFunction());
      |                                                                                                        ^
In file included from /home/inlab/.cache/node-gyp/16.14.2/include/node/node.h:63,
                 from ../src/ursaNative.h:9,
                 from ../src/ursaNative.cc:3:
/home/inlab/.cache/node-gyp/16.14.2/include/node/v8.h:6802:46: note: candidate: ‘v8::MaybeLocal<v8::Function> v8::FunctionTemplate::GetFunction(v8::Local<v8::Context>)’
 6802 |   V8_WARN_UNUSED_RESULT MaybeLocal<Function> GetFunction(
      |                                              ^~~~~~~~~~~
/home/inlab/.cache/node-gyp/16.14.2/include/node/v8.h:6802:46: note:   candidate expects 1 argument, 0 provided
../src/ursaNative.cc: In static member function ‘static Nan::NAN_METHOD_RETURN_TYPE RsaWrap::GeneratePrivateKey(Nan::NAN_METHOD_ARGS_TYPE)’:
../src/ursaNative.cc:866:42: error: no matching function for call to ‘v8::Value::Uint32Value()’
  866 |   int modulusBits = args[0]->Uint32Value();
      |                                          ^
In file included from /home/inlab/.cache/node-gyp/16.14.2/include/node/node.h:63,
                 from ../src/ursaNative.h:9,
                 from ../src/ursaNative.cc:3:
/home/inlab/.cache/node-gyp/16.14.2/include/node/v8.h:3104:41: note: candidate: ‘v8::Maybe<unsigned int> v8::Value::Uint32Value(v8::Local<v8::Context>) const’
 3104 |   V8_WARN_UNUSED_RESULT Maybe<uint32_t> Uint32Value(
      |                                         ^~~~~~~~~~~
/home/inlab/.cache/node-gyp/16.14.2/include/node/v8.h:3104:41: note:   candidate expects 1 argument, 0 provided
../src/ursaNative.cc:867:39: error: no matching function for call to ‘v8::Value::Uint32Value()’
  867 |   int exponent = args[1]->Uint32Value();
      |                                       ^
In file included from /home/inlab/.cache/node-gyp/16.14.2/include/node/node.h:63,
                 from ../src/ursaNative.h:9,
                 from ../src/ursaNative.cc:3:
/home/inlab/.cache/node-gyp/16.14.2/include/node/v8.h:3104:41: note: candidate: ‘v8::Maybe<unsigned int> v8::Value::Uint32Value(v8::Local<v8::Context>) const’
 3104 |   V8_WARN_UNUSED_RESULT Maybe<uint32_t> Uint32Value(
      |                                         ^~~~~~~~~~~
/home/inlab/.cache/node-gyp/16.14.2/include/node/v8.h:3104:41: note:   candidate expects 1 argument, 0 provided
../src/ursaNative.cc: In static member function ‘static Nan::NAN_METHOD_RETURN_TYPE RsaWrap::PrivateDecrypt(Nan::NAN_METHOD_ARGS_TYPE)’:
../src/ursaNative.cc:1103:38: error: no matching function for call to ‘v8::Value::Uint32Value()’
 1103 |   int padding = args[1]->Uint32Value();
      |                                      ^
In file included from /home/inlab/.cache/node-gyp/16.14.2/include/node/node.h:63,
                 from ../src/ursaNative.h:9,
                 from ../src/ursaNative.cc:3:
/home/inlab/.cache/node-gyp/16.14.2/include/node/v8.h:3104:41: note: candidate: ‘v8::Maybe<unsigned int> v8::Value::Uint32Value(v8::Local<v8::Context>) const’
 3104 |   V8_WARN_UNUSED_RESULT Maybe<uint32_t> Uint32Value(
      |                                         ^~~~~~~~~~~
/home/inlab/.cache/node-gyp/16.14.2/include/node/v8.h:3104:41: note:   candidate expects 1 argument, 0 provided
../src/ursaNative.cc: In static member function ‘static Nan::NAN_METHOD_RETURN_TYPE RsaWrap::PrivateEncrypt(Nan::NAN_METHOD_ARGS_TYPE)’:
../src/ursaNative.cc:1161:38: error: no matching function for call to ‘v8::Value::Uint32Value()’
 1161 |   int padding = args[1]->Uint32Value();
      |                                      ^
In file included from /home/inlab/.cache/node-gyp/16.14.2/include/node/node.h:63,
                 from ../src/ursaNative.h:9,
                 from ../src/ursaNative.cc:3:
/home/inlab/.cache/node-gyp/16.14.2/include/node/v8.h:3104:41: note: candidate: ‘v8::Maybe<unsigned int> v8::Value::Uint32Value(v8::Local<v8::Context>) const’
 3104 |   V8_WARN_UNUSED_RESULT Maybe<uint32_t> Uint32Value(
      |                                         ^~~~~~~~~~~
/home/inlab/.cache/node-gyp/16.14.2/include/node/v8.h:3104:41: note:   candidate expects 1 argument, 0 provided
../src/ursaNative.cc: In static member function ‘static Nan::NAN_METHOD_RETURN_TYPE RsaWrap::PublicDecrypt(Nan::NAN_METHOD_ARGS_TYPE)’:
../src/ursaNative.cc:1218:38: error: no matching function for call to ‘v8::Value::Uint32Value()’
 1218 |   int padding = args[1]->Uint32Value();
      |                                      ^
In file included from /home/inlab/.cache/node-gyp/16.14.2/include/node/node.h:63,
                 from ../src/ursaNative.h:9,
                 from ../src/ursaNative.cc:3:
/home/inlab/.cache/node-gyp/16.14.2/include/node/v8.h:3104:41: note: candidate: ‘v8::Maybe<unsigned int> v8::Value::Uint32Value(v8::Local<v8::Context>) const’
 3104 |   V8_WARN_UNUSED_RESULT Maybe<uint32_t> Uint32Value(
      |                                         ^~~~~~~~~~~
/home/inlab/.cache/node-gyp/16.14.2/include/node/v8.h:3104:41: note:   candidate expects 1 argument, 0 provided
../src/ursaNative.cc: In static member function ‘static Nan::NAN_METHOD_RETURN_TYPE RsaWrap::PublicEncrypt(Nan::NAN_METHOD_ARGS_TYPE)’:
../src/ursaNative.cc:1272:38: error: no matching function for call to ‘v8::Value::Uint32Value()’
 1272 |   int padding = args[1]->Uint32Value();
      |                                      ^
In file included from /home/inlab/.cache/node-gyp/16.14.2/include/node/node.h:63,
                 from ../src/ursaNative.h:9,
                 from ../src/ursaNative.cc:3:
/home/inlab/.cache/node-gyp/16.14.2/include/node/v8.h:3104:41: note: candidate: ‘v8::Maybe<unsigned int> v8::Value::Uint32Value(v8::Local<v8::Context>) const’
 3104 |   V8_WARN_UNUSED_RESULT Maybe<uint32_t> Uint32Value(
      |                                         ^~~~~~~~~~~
/home/inlab/.cache/node-gyp/16.14.2/include/node/v8.h:3104:41: note:   candidate expects 1 argument, 0 provided
../src/ursaNative.cc: In static member function ‘static Nan::NAN_METHOD_RETURN_TYPE RsaWrap::Sign(Nan::NAN_METHOD_ARGS_TYPE)’:
../src/ursaNative.cc:1411:34: error: no matching function for call to ‘v8::Value::Uint32Value()’
 1411 |   int nid = args[0]->Uint32Value();
      |                                  ^
In file included from /home/inlab/.cache/node-gyp/16.14.2/include/node/node.h:63,
                 from ../src/ursaNative.h:9,
                 from ../src/ursaNative.cc:3:
/home/inlab/.cache/node-gyp/16.14.2/include/node/v8.h:3104:41: note: candidate: ‘v8::Maybe<unsigned int> v8::Value::Uint32Value(v8::Local<v8::Context>) const’
 3104 |   V8_WARN_UNUSED_RESULT Maybe<uint32_t> Uint32Value(
      |                                         ^~~~~~~~~~~
/home/inlab/.cache/node-gyp/16.14.2/include/node/v8.h:3104:41: note:   candidate expects 1 argument, 0 provided
../src/ursaNative.cc: In static member function ‘static Nan::NAN_METHOD_RETURN_TYPE RsaWrap::Verify(Nan::NAN_METHOD_ARGS_TYPE)’:
../src/ursaNative.cc:1477:34: error: no matching function for call to ‘v8::Value::Uint32Value()’
 1477 |   int nid = args[0]->Uint32Value();
      |                                  ^
In file included from /home/inlab/.cache/node-gyp/16.14.2/include/node/node.h:63,
                 from ../src/ursaNative.h:9,
                 from ../src/ursaNative.cc:3:
/home/inlab/.cache/node-gyp/16.14.2/include/node/v8.h:3104:41: note: candidate: ‘v8::Maybe<unsigned int> v8::Value::Uint32Value(v8::Local<v8::Context>) const’
 3104 |   V8_WARN_UNUSED_RESULT Maybe<uint32_t> Uint32Value(
      |                                         ^~~~~~~~~~~
/home/inlab/.cache/node-gyp/16.14.2/include/node/v8.h:3104:41: note:   candidate expects 1 argument, 0 provided
../src/ursaNative.cc: In static member function ‘static Nan::NAN_METHOD_RETURN_TYPE RsaWrap::AddPSSPadding(Nan::NAN_METHOD_ARGS_TYPE)’:
../src/ursaNative.cc:1554:34: error: no matching function for call to ‘v8::Value::Uint32Value()’
 1554 |   int nid = args[0]->Uint32Value();
      |                                  ^
In file included from /home/inlab/.cache/node-gyp/16.14.2/include/node/node.h:63,
                 from ../src/ursaNative.h:9,
                 from ../src/ursaNative.cc:3:
/home/inlab/.cache/node-gyp/16.14.2/include/node/v8.h:3104:41: note: candidate: ‘v8::Maybe<unsigned int> v8::Value::Uint32Value(v8::Local<v8::Context>) const’
 3104 |   V8_WARN_UNUSED_RESULT Maybe<uint32_t> Uint32Value(
      |                                         ^~~~~~~~~~~
/home/inlab/.cache/node-gyp/16.14.2/include/node/v8.h:3104:41: note:   candidate expects 1 argument, 0 provided
../src/ursaNative.cc:1584:35: error: no matching function for call to ‘v8::Value::Uint32Value()’
 1584 |   int sLen = args[2]->Uint32Value();
      |                                   ^
In file included from /home/inlab/.cache/node-gyp/16.14.2/include/node/node.h:63,
                 from ../src/ursaNative.h:9,
                 from ../src/ursaNative.cc:3:
/home/inlab/.cache/node-gyp/16.14.2/include/node/v8.h:3104:41: note: candidate: ‘v8::Maybe<unsigned int> v8::Value::Uint32Value(v8::Local<v8::Context>) const’
 3104 |   V8_WARN_UNUSED_RESULT Maybe<uint32_t> Uint32Value(
      |                                         ^~~~~~~~~~~
/home/inlab/.cache/node-gyp/16.14.2/include/node/v8.h:3104:41: note:   candidate expects 1 argument, 0 provided
../src/ursaNative.cc: In static member function ‘static Nan::NAN_METHOD_RETURN_TYPE RsaWrap::VerifyPSSPadding(Nan::NAN_METHOD_ARGS_TYPE)’:
../src/ursaNative.cc:1627:34: error: no matching function for call to ‘v8::Value::Uint32Value()’
 1627 |   int nid = args[0]->Uint32Value();
      |                                  ^
In file included from /home/inlab/.cache/node-gyp/16.14.2/include/node/node.h:63,
                 from ../src/ursaNative.h:9,
                 from ../src/ursaNative.cc:3:
/home/inlab/.cache/node-gyp/16.14.2/include/node/v8.h:3104:41: note: candidate: ‘v8::Maybe<unsigned int> v8::Value::Uint32Value(v8::Local<v8::Context>) const’
 3104 |   V8_WARN_UNUSED_RESULT Maybe<uint32_t> Uint32Value(
      |                                         ^~~~~~~~~~~
/home/inlab/.cache/node-gyp/16.14.2/include/node/v8.h:3104:41: note:   candidate expects 1 argument, 0 provided
../src/ursaNative.cc:1674:35: error: no matching function for call to ‘v8::Value::Uint32Value()’
 1674 |   int sLen = args[3]->Uint32Value();
      |                                   ^
In file included from /home/inlab/.cache/node-gyp/16.14.2/include/node/node.h:63,
                 from ../src/ursaNative.h:9,
                 from ../src/ursaNative.cc:3:
/home/inlab/.cache/node-gyp/16.14.2/include/node/v8.h:3104:41: note: candidate: ‘v8::Maybe<unsigned int> v8::Value::Uint32Value(v8::Local<v8::Context>) const’
 3104 |   V8_WARN_UNUSED_RESULT Maybe<uint32_t> Uint32Value(
      |                                         ^~~~~~~~~~~
/home/inlab/.cache/node-gyp/16.14.2/include/node/v8.h:3104:41: note:   candidate expects 1 argument, 0 provided
make: *** [ursaNative.target.mk:113: Release/obj.target/ursaNative/src/ursaNative.o] Error 1
gyp ERR! build error 
gyp ERR! stack Error: `make` failed with exit code: 2
gyp ERR! stack     at ChildProcess.onExit (/usr/local/lib/node_modules/npm/node_modules/node-gyp/lib/build.js:194:23)
gyp ERR! stack     at ChildProcess.emit (node:events:526:28)
gyp ERR! stack     at Process.ChildProcess._handle.onexit (node:internal/child_process:291:12)
gyp ERR! System Linux 5.13.0-39-generic
gyp ERR! command "/usr/local/bin/node" "/usr/local/lib/node_modules/npm/node_modules/node-gyp/bin/node-gyp.js" "rebuild"
gyp ERR! cwd /home/inlab/ipfs-video-streaming/node_modules/ursa-optional
gyp ERR! node -v v16.14.2
gyp ERR! node-gyp -v v8.4.1
gyp ERR! not ok 
